<?xml version="1.0" encoding="UTF-8"?>
<!-- Generated by org.testng.reporters.JUnitReportReporter -->
<testsuite hostname="HYDMBCP1069" failures="0" tests="3" name="rahulshettyacademy.tests.SubmitOrderTest" time="25.453" errors="0" timestamp="2024-08-08T12:39:18 IST" skipped="0">
  <testcase classname="rahulshettyacademy.tests.SubmitOrderTest" name="submitOrder" time="9.967"/>
  <testcase classname="rahulshettyacademy.tests.SubmitOrderTest" name="submitOrder" time="11.255"/>
  <testcase classname="rahulshettyacademy.tests.SubmitOrderTest" name="OrderHistoryTest" time="4.231"/>
</testsuite> <!-- rahulshettyacademy.tests.SubmitOrderTest -->
